\BOOKMARK [0][-]{chapter.1}{CLIMATE RISK AND APPORTUNITIES}{}% 1
\BOOKMARK [1][-]{section.1.1}{Topic: Climate Risk and Opportunities}{chapter.1}% 2
\BOOKMARK [0][-]{chapter.2}{OVERVIEW GAME INSTRUCTIONS}{}% 3
\BOOKMARK [1][-]{section.2.1}{Objective}{chapter.2}% 4
\BOOKMARK [1][-]{section.2.2}{List of suggested items}{chapter.2}% 5
\BOOKMARK [1][-]{section.2.3}{Game Instructions}{chapter.2}% 6
\BOOKMARK [0][-]{chapter.3}{INDEX INSURANCE GAME: POSSIBLE GAME OUTCOMES}{}% 7
\BOOKMARK [0][-]{chapter.4}{WHAT IS WEATHER INDEX INSURANCE?}{}% 8
\BOOKMARK [1][-]{section.4.1}{What is Weather Index Insurance?}{chapter.4}% 9
\BOOKMARK [1][-]{section.4.2}{Checkpoint Answer Key: What is Weather Index Insurance?}{chapter.4}% 10
\BOOKMARK [1][-]{section.4.3}{Understanding a Drought Index}{chapter.4}% 11
\BOOKMARK [1][-]{section.4.4}{Checkpoint Answer Key: Understanding a Drought Index}{chapter.4}% 12
\BOOKMARK [0][-]{chapter.5}{GATHERING INFORMATION TO BEGIN THE DESIGN PROCESS}{}% 13
\BOOKMARK [1][-]{section.5.1}{Initial Visit Interaction to Determine the Worst Years}{chapter.5}% 14
\BOOKMARK [0][-]{chapter.6}{DESIGNING AN INDEX}{}% 15
\BOOKMARK [1][-]{section.6.1}{Concepts Behind Index Design}{chapter.6}% 16
\BOOKMARK [1][-]{section.6.2}{Checkpoint: Designing an Initial Weather Index By Hand}{chapter.6}% 17
\BOOKMARK [1][-]{section.6.3}{Checkpoint Answer Key: Setting Triggers and Exits}{chapter.6}% 18
\BOOKMARK [0][-]{chapter.7}{Exploring Technical Concepts Using Weather Index Insurance Educational Tool \(WIIET\)}{}% 19
\BOOKMARK [1][-]{section.7.1}{WIIET Exercise 1: Updating an Index Using Farmer Information}{chapter.7}% 20
\BOOKMARK [1][-]{section.7.2}{WIIET Exercise 2: Influence of Short Datasets on Prices \(Advanced Exercise\)}{chapter.7}% 21
\BOOKMARK [1][-]{section.7.3}{WIIET Exercise 3: Moving from Initial Pricing to Market Pricing}{chapter.7}% 22
\BOOKMARK [1][-]{section.7.4}{Checkpoint Answer Key: Exploring Technical Concepts Using Weather Index Insurance Educational Tool \(WIIET\)}{chapter.7}% 23
